<?xml version="1.0" encoding="UTF-8"?>
<testng-results skipped="0" failed="0" total="2" passed="2">
  <reporter-output>
  </reporter-output>
  <suite name="Default suite" duration-ms="36" started-at="2014-01-03T09:32:27Z" finished-at="2014-01-03T09:32:27Z">
    <groups>
    </groups>
    <test name="Default test" duration-ms="36" started-at="2014-01-03T09:32:27Z" finished-at="2014-01-03T09:32:27Z">
      <class name="test.TestEmployeeDetails">
        <test-method status="PASS" signature="testCalcualateAppraisal()[pri:0, instance:test.TestEmployeeDetails@1b15692]" name="testCalcualateAppraisal" duration-ms="17" started-at="2014-01-03T15:02:27Z" finished-at="2014-01-03T15:02:27Z">
          <reporter-output>
          </reporter-output>
        </test-method> <!-- testCalcualateAppraisal -->
        <test-method status="PASS" signature="testCalculateYearlySalary()[pri:0, instance:test.TestEmployeeDetails@1b15692]" name="testCalculateYearlySalary" duration-ms="2" started-at="2014-01-03T15:02:27Z" finished-at="2014-01-03T15:02:27Z">
          <reporter-output>
          </reporter-output>
        </test-method> <!-- testCalculateYearlySalary -->
      </class> <!-- test.TestEmployeeDetails -->
    </test> <!-- Default test -->
  </suite> <!-- Default suite -->
</testng-results>
